0 info it worked if it ends with ok
1 verbose cli [ 'C:\\Program Files (x86)\\nodejs\\node.exe',
1 verbose cli   'C:\\Program Files (x86)\\nodejs\\node_modules\\npm\\bin\\npm-cli.js',
1 verbose cli   'start' ]
2 info using npm@3.10.8
3 info using node@v6.9.1
4 verbose run-script [ 'prestart', 'start', 'poststart' ]
5 info lifecycle untitled2@0.0.0~prestart: untitled2@0.0.0
6 silly lifecycle untitled2@0.0.0~prestart: no script for prestart, continuing
7 info lifecycle untitled2@0.0.0~start: untitled2@0.0.0
8 verbose lifecycle untitled2@0.0.0~start: unsafe-perm in lifecycle true
9 verbose lifecycle untitled2@0.0.0~start: PATH: C:\Program Files (x86)\nodejs\node_modules\npm\bin\node-gyp-bin;C:\Users\Administrator.PC-20151123WOPZ\Desktop\司卡乐\NodeProject\NodeProject\node_modules\.bin;C:\Program Files\Java\jdk1.7.0_80\bin;D:\Program Files (x86)\PHP\;C:\Program Files\Java\jre7\bin;C:\Windows\system32;C:\Windows;C:\Windows\System32\Wbem;C:\Windows\System32\WindowsPowerShell\v1.0\;C:\Program Files (x86)\NVIDIA Corporation\PhysX\Common;D:\Program Files (x86)\Microsoft SQL Server\100\Tools\Binn\;D:\Program Files\Microsoft SQL Server\100\Tools\Binn\;D:\Program Files\Microsoft SQL Server\100\DTS\Binn\;D:\Program Files (x86)\Microsoft SQL Server\100\Tools\Binn\VSShell\Common7\IDE\;C:\Program Files (x86)\Microsoft Visual Studio 9.0\Common7\IDE\PrivateAssemblies\;D:\Program Files (x86)\Microsoft SQL Server\100\DTS\Binn\;C:\Program Files\Microsoft SQL Server\110\Tools\Binn\;C:\Program Files (x86)\Microsoft SDKs\TypeScript\1.0\;C:\Program Files\Microsoft SQL Server\120\Tools\Binn\;C:\Program Files (x86)\MySQL\MySQL Server 5.0\bin;C:\Program Files\Microsoft SQL Server\130\Tools\Binn\;C:\Program Files (x86)\Windows Kits\10\Windows Performance Toolkit\;C:\Program Files\dotnet\;D:\开发相关工具\VisualSVN-Server-3.5.7-x64\VisualSVN-Server-3.5.7-x64\bin;D:\开发;关工具\TortoiseSVN_1.9.4.27285_x64\TortoiseSVN_1.9.4.27285_x64\bin;;;D:\开发相关工具\Git\cmd;C:\Program Files (x86)\nodejs\;C:\Users\Administrator.PC-20151123WOPZ\.dnx\runtimes\dnx-clr-win-x86.1.0.0-rc1-update2\bin;C:\Users\Administrator.PC-20151123WOPZ\.dnx\bin;C:\Users\Administrator.PC-20151123WOPZ\AppData\Roaming\npm;C:\Program Files\erl8.3\bin
10 verbose lifecycle untitled2@0.0.0~start: CWD: C:\Users\Administrator.PC-20151123WOPZ\Desktop\司卡乐\NodeProject\NodeProject
11 silly lifecycle untitled2@0.0.0~start: Args: [ '/d /s /c', 'node ./bin/www' ]
12 silly lifecycle untitled2@0.0.0~start: Returned: code: 3221225786  signal: null
13 info lifecycle untitled2@0.0.0~start: Failed to exec start script
14 verbose stack Error: untitled2@0.0.0 start: `node ./bin/www`
14 verbose stack Exit status 3221225786
14 verbose stack     at EventEmitter.<anonymous> (C:\Program Files (x86)\nodejs\node_modules\npm\lib\utils\lifecycle.js:255:16)
14 verbose stack     at emitTwo (events.js:106:13)
14 verbose stack     at EventEmitter.emit (events.js:191:7)
14 verbose stack     at ChildProcess.<anonymous> (C:\Program Files (x86)\nodejs\node_modules\npm\lib\utils\spawn.js:40:14)
14 verbose stack     at emitTwo (events.js:106:13)
14 verbose stack     at ChildProcess.emit (events.js:191:7)
14 verbose stack     at maybeClose (internal/child_process.js:877:16)
14 verbose stack     at Process.ChildProcess._handle.onexit (internal/child_process.js:226:5)
15 verbose pkgid untitled2@0.0.0
16 verbose cwd C:\Users\Administrator.PC-20151123WOPZ\Desktop\司卡乐\NodeProject\NodeProject\routes
17 error Windows_NT 6.1.7601
18 error argv "C:\\Program Files (x86)\\nodejs\\node.exe" "C:\\Program Files (x86)\\nodejs\\node_modules\\npm\\bin\\npm-cli.js" "start"
19 error node v6.9.1
20 error npm  v3.10.8
21 error code ELIFECYCLE
22 error untitled2@0.0.0 start: `node ./bin/www`
22 error Exit status 3221225786
23 error Failed at the untitled2@0.0.0 start script 'node ./bin/www'.
23 error Make sure you have the latest version of node.js and npm installed.
23 error If you do, this is most likely a problem with the untitled2 package,
23 error not with npm itself.
23 error Tell the author that this fails on your system:
23 error     node ./bin/www
23 error You can get information on how to open an issue for this project with:
23 error     npm bugs untitled2
23 error Or if that isn't available, you can get their info via:
23 error     npm owner ls untitled2
23 error There is likely additional logging output above.
24 verbose exit [ 1, true ]
